<?xml version="1.0" encoding="UTF-8"?>
<testng-results ignored="0" total="1" passed="1" failed="0" skipped="0">
  <reporter-output>
  </reporter-output>
  <suite started-at="2023-04-03T23:01:58 IST" name="Suite" finished-at="2023-04-03T23:02:07 IST" duration-ms="9195">
    <groups>
    </groups>
    <test started-at="2023-04-03T23:01:58 IST" name="Test" finished-at="2023-04-03T23:02:07 IST" duration-ms="9195">
      <class name="Ganeshjai.ganeshjai.sam">
        <test-method is-config="true" signature="test1()[pri:0, instance:Ganeshjai.ganeshjai.sam@41e36e46]" started-at="2023-04-03T23:01:58 IST" name="test1" finished-at="2023-04-03T23:02:06 IST" duration-ms="8246" status="PASS">
          <reporter-output>
          </reporter-output>
        </test-method> <!-- test1 -->
        <test-method signature="click()[pri:0, instance:Ganeshjai.ganeshjai.sam@41e36e46]" started-at="2023-04-03T23:02:06 IST" name="click" finished-at="2023-04-03T23:02:07 IST" duration-ms="601" status="PASS">
          <reporter-output>
          </reporter-output>
        </test-method> <!-- click -->
        <test-method is-config="true" signature="closeBrowser()[pri:0, instance:Ganeshjai.ganeshjai.sam@41e36e46]" started-at="2023-04-03T23:02:07 IST" name="closeBrowser" finished-at="2023-04-03T23:02:07 IST" duration-ms="276" status="PASS">
          <reporter-output>
          </reporter-output>
        </test-method> <!-- closeBrowser -->
      </class> <!-- Ganeshjai.ganeshjai.sam -->
    </test> <!-- Test -->
  </suite> <!-- Suite -->
</testng-results>
