<?xml version="1.0" encoding="UTF-8"?>
<testng-results ignored="0" total="1" passed="1" failed="0" skipped="0">
  <reporter-output>
  </reporter-output>
  <suite started-at="2023-04-03T22:17:09 IST" name="Suite" finished-at="2023-04-03T22:17:19 IST" duration-ms="9372">
    <groups>
    </groups>
    <test started-at="2023-04-03T22:17:09 IST" name="Test" finished-at="2023-04-03T22:17:19 IST" duration-ms="9372">
      <class name="Ganeshjai.ganeshjai.sam">
        <test-method is-config="true" signature="test1()[pri:0, instance:Ganeshjai.ganeshjai.sam@2ddc9a9f]" started-at="2023-04-03T22:17:09 IST" name="test1" finished-at="2023-04-03T22:17:18 IST" duration-ms="8458" status="PASS">
          <reporter-output>
          </reporter-output>
        </test-method> <!-- test1 -->
        <test-method signature="click()[pri:0, instance:Ganeshjai.ganeshjai.sam@2ddc9a9f]" started-at="2023-04-03T22:17:18 IST" name="click" finished-at="2023-04-03T22:17:18 IST" duration-ms="534" status="PASS">
          <reporter-output>
          </reporter-output>
        </test-method> <!-- click -->
        <test-method is-config="true" signature="closeBrowser()[pri:0, instance:Ganeshjai.ganeshjai.sam@2ddc9a9f]" started-at="2023-04-03T22:17:18 IST" name="closeBrowser" finished-at="2023-04-03T22:17:19 IST" duration-ms="307" status="PASS">
          <reporter-output>
          </reporter-output>
        </test-method> <!-- closeBrowser -->
      </class> <!-- Ganeshjai.ganeshjai.sam -->
    </test> <!-- Test -->
  </suite> <!-- Suite -->
</testng-results>
